
2017-08-01 12:51:43 select * from `wish` WHERE w_user=7
2017-08-01 12:51:56 select * from `wish` WHERE w_user=7
2017-08-01 12:52:11 update `wish` set `w_user`="7",`w_descr`="eins mit allem",`w_link`="google.de" where w_id=5
2017-08-01 12:52:16 select * from `wish` WHERE w_user=7
2017-08-01 12:52:18 delete from `wish` where w_id=7
2017-08-01 12:52:20 delete from `wish` where w_id=6
2017-08-01 12:52:27 insert into `wish` set `w_user`="7",`w_descr`="bla",`w_link`="blabla.bla"
2017-08-01 21:59:38 select * from `wish` WHERE w_user=7
2017-08-01 22:04:05 select * from `wish` WHERE w_user=7
2017-08-03 21:40:38 select * from `wish` WHERE w_user=7
2017-08-03 21:49:27 select * from `wish` WHERE w_user=7
2017-08-03 21:51:11 select * from `wish` WHERE w_user=7
2017-08-03 21:51:18 select * from `wish` WHERE w_user=7
2017-08-03 21:51:51 select * from `wish` WHERE w_user=7
2017-08-03 21:52:04 select * from `wish` WHERE w_user=7
2017-08-03 21:56:15 select * from `wish` WHERE w_user=7
2017-08-03 21:56:27 select * from `wish` WHERE w_user=7
2017-08-03 21:56:31 select * from `wish` WHERE w_user=7
2017-08-03 22:08:38 select * from `wish` WHERE w_user=7
2017-08-04 21:31:59 select * from `wish` WHERE w_user=7
2017-08-04 21:32:04 select * from `wish` WHERE w_user=7
2017-09-26 10:46:22 select * from `wish` WHERE w_user=7
2017-09-26 10:48:44 select * from `wish` WHERE w_user=7
2017-09-26 10:48:47 select * from `wish` WHERE w_user=7
2017-09-26 13:01:47 select * from `wish` WHERE w_user=7
2017-09-26 13:08:56 select * from `wish` WHERE w_user=7
2017-09-27 14:20:58 select * from `wish` WHERE w_user=7
2017-09-27 14:21:42 select * from `wish` WHERE w_user=7
2017-09-27 14:22:30 select * from `wish` WHERE w_user=7
2017-09-27 18:38:21 select * from `wish` WHERE w_user=7
2017-09-27 18:40:00 insert into `wish` set `w_user`="7",`w_descr`="asd",`w_link`="asd"
2017-09-27 18:40:02 delete from `wish` where w_id=-1
2017-09-27 18:40:22 select * from `wish` WHERE w_user=7
2017-09-27 18:47:54 select * from `wish` WHERE w_user=7
2017-09-27 18:47:59 select * from `wish` WHERE w_user=7
2017-09-27 18:48:30 select * from `wish` WHERE w_user=7
2017-09-27 18:49:39 select * from `wish` WHERE w_user=7
2017-09-27 18:49:58 select * from `wish` WHERE w_user=7
2017-09-27 18:53:39 select * from `wish` WHERE w_user=7
2017-09-27 19:03:22 select * from `wish` WHERE w_user=7
2017-09-27 19:03:25 select * from `wish` WHERE w_user=7
2017-09-27 19:03:31 select * from `wish` WHERE w_user=7
2017-09-27 19:35:17 select * from `wish` WHERE w_user=7
2017-09-27 19:36:35 select * from `user`
2017-09-27 19:36:37 select * from `wish` WHERE w_user=7
2017-09-27 19:36:42 select * from `user`
2017-09-27 19:37:27 select * from `user`
2017-09-27 19:42:29 select * from `user`
2017-09-27 19:42:33 select * from `wish` WHERE w_user=7
2017-09-27 19:42:34 select * from `user`
2017-09-27 19:47:30 select * from `user`
2017-09-27 19:48:26 select * from `user`
2017-09-27 19:50:55 select * from `user`
2017-09-27 20:03:38 select * from `user`
2017-09-27 20:05:05 select * from `user`
2017-09-28 11:18:41 select * from `wish` WHERE w_user=7
2017-09-28 11:18:41 select * from `user`
2017-09-28 11:21:02 select * from `user`
2017-09-28 11:21:02 select * from `present` WHERE p_wisher=7
2017-09-28 11:21:52 select * from `present` WHERE p_wisher=7
2017-09-28 11:21:52 select * from `user`
2017-09-28 11:22:13 select * from `present` WHERE p_giver=7
2017-09-28 11:22:13 select * from `user`
2017-09-28 11:23:21 select * from `user`
2017-09-28 11:23:21 select * from `present` WHERE p_giver=7
2017-09-28 11:24:35 select * from `present` WHERE p_giver=7
2017-09-28 11:24:35 select * from `user`
2017-09-28 11:24:50 select * from `present` WHERE p_giver=7
2017-09-28 11:24:50 select * from `user`
2017-09-28 11:29:11 select * from `present` WHERE p_giver=7
2017-09-28 11:29:11 select * from `user`
2017-09-28 11:29:15 select * from `wish` WHERE w_user=1
2017-09-28 11:29:17 select * from `wish` WHERE w_user=1
2017-09-28 11:29:19 select * from `wish` WHERE w_user=4
2017-09-28 11:29:43 select * from `wish` WHERE w_user=5
2017-09-28 11:30:28 select * from `user`
2017-09-28 11:30:28 select * from `present` WHERE p_giver=7
2017-09-28 11:30:50 select * from `user`
2017-09-28 11:30:50 select * from `present` WHERE p_giver=7
2017-09-28 11:51:36 select * from `wish` WHERE w_user=1
2017-09-28 11:53:19 select * from `wish` WHERE w_user=3
2017-09-28 11:53:21 select * from `wish` WHERE w_user=2
2017-09-28 11:55:27 select * from `present` WHERE p_giver=4
2017-09-28 11:55:27 select * from `user`
2017-09-28 11:55:28 select * from `wish` WHERE w_user=4
2017-09-28 11:55:35 insert into `wish` set `w_user`="4",`w_descr`="Julia1",`w_link`="bla"
2017-09-28 11:55:40 insert into `wish` set `w_user`="4",`w_descr`="Julia2",`w_link`=""
2017-09-28 11:55:48 insert into `wish` set `w_user`="4",`w_descr`="Julia3",`w_link`="nix"
2017-09-28 11:55:58 select * from `user`
2017-09-28 11:55:58 select * from `present` WHERE p_giver=7
2017-09-28 11:56:00 select * from `wish` WHERE w_user=4
2017-09-28 11:58:51 select * from `wish` WHERE w_user=3
2017-09-28 11:58:56 select * from `present` WHERE p_giver=7
2017-09-28 11:58:56 select * from `user`
2017-09-28 11:58:59 select * from `wish` WHERE w_user=2
2017-09-28 11:59:00 select * from `wish` WHERE w_user=3
2017-09-28 11:59:01 select * from `wish` WHERE w_user=4
2017-09-28 11:59:21 select * from `present` WHERE p_giver=7
2017-09-28 11:59:21 select * from `user`
2017-09-28 11:59:47 select * from `present` WHERE p_giver=7
2017-09-28 11:59:47 select * from `user`
2017-09-28 11:59:49 select * from `wish` WHERE w_user=4
2017-09-28 12:00:20 select * from `user`
2017-09-28 12:00:20 select * from `present` WHERE p_giver=7
2017-09-28 12:00:23 select * from `wish` WHERE w_user=4
2017-09-28 12:02:05 select * from `user`
2017-09-28 12:02:05 select * from `present` WHERE p_giver=7
2017-09-28 12:02:32 select * from `present` WHERE p_giver=7
2017-09-28 12:02:32 select * from `user`
2017-09-28 12:02:53 select * from `wish` WHERE w_user=4
2017-09-28 12:02:59 select * from `user`
2017-09-28 12:02:59 select * from `present` WHERE p_giver=7
2017-09-28 12:03:01 select * from `wish` WHERE w_user=4
2017-09-28 12:06:01 select * from `present` WHERE p_giver=7
2017-09-28 12:06:01 select * from `user`
2017-09-28 12:06:27 select * from `user`
2017-09-28 12:06:27 select * from `present` WHERE p_giver=7
2017-09-28 12:06:30 select * from `wish` WHERE w_user=4
2017-09-28 12:10:04 select * from `present` WHERE p_giver=7
2017-09-28 12:10:04 select * from `user`
2017-09-28 12:10:08 select * from `wish` WHERE w_user=4
2017-09-28 12:10:48 select * from `present` WHERE p_giver=7
2017-09-28 12:10:48 select * from `user`
2017-09-28 12:11:03 select * from `present` WHERE p_giver=7
2017-09-28 12:11:03 select * from `user`
2017-09-28 12:11:21 select * from `present` WHERE p_giver=7
2017-09-28 12:11:21 select * from `user`
2017-09-28 12:11:30 select * from `wish` WHERE w_user=4
2017-09-28 12:13:20 select * from `user`
2017-09-28 12:13:20 select * from `present` WHERE p_giver=7
2017-09-28 12:13:23 select * from `wish` WHERE w_user=4
2017-09-28 12:17:44 select * from `user`
2017-09-28 12:17:44 select * from `present` WHERE p_giver=7
2017-09-28 12:18:09 select * from `user`
2017-09-28 12:18:09 select * from `present` WHERE p_giver=7
2017-09-28 12:18:11 select * from `wish` WHERE w_user=4
2017-09-28 12:18:33 select * from `user`
2017-09-28 12:18:33 select * from `present` WHERE p_giver=7
2017-09-28 12:18:53 select * from `user`
2017-09-28 12:18:53 select * from `present` WHERE p_giver=7
2017-09-28 12:20:06 select * from `present` WHERE p_giver=7
2017-09-28 12:20:06 select * from `user`
2017-09-28 12:21:14 select * from `user`
2017-09-28 12:21:14 select * from `present` WHERE p_giver=7
2017-09-28 12:21:33 select * from `wish` WHERE w_user=4
2017-09-28 12:21:54 select * from `present` WHERE p_giver=7
2017-09-28 12:21:54 select * from `user`
2017-09-28 12:22:09 select * from `wish` WHERE w_user=4
2017-09-28 12:22:20 select * from `present` WHERE p_giver=7
2017-09-28 12:22:20 select * from `user`
2017-09-28 12:22:22 select * from `wish` WHERE w_user=4
2017-09-28 12:22:40 select * from `user`
2017-09-28 12:22:40 select * from `present` WHERE p_giver=7
2017-09-28 12:23:06 select * from `present` WHERE p_giver=7
2017-09-28 12:23:06 select * from `user`
2017-09-28 12:23:19 select * from `wish` WHERE w_user=4
2017-09-28 12:23:45 select * from `user`
2017-09-28 12:23:45 select * from `present` WHERE p_giver=7
2017-09-28 12:23:49 select * from `wish` WHERE w_user=4
2017-09-28 12:24:38 select * from `user`
2017-09-28 12:24:38 select * from `present` WHERE p_giver=7
2017-09-28 12:24:41 select * from `wish` WHERE w_user=4
2017-09-28 12:24:42 select * from `wish` WHERE w_user=5
2017-09-28 12:24:46 select * from `wish` WHERE w_user=3
2017-09-28 12:24:47 select * from `wish` WHERE w_user=4
2017-09-28 12:25:25 select * from `user`
2017-09-28 12:25:25 select * from `present` WHERE p_giver=7
2017-09-28 12:25:27 select * from `wish` WHERE w_user=4
2017-09-28 12:25:28 select * from `wish` WHERE w_user=5
2017-09-28 12:25:30 select * from `wish` WHERE w_user=4
2017-09-28 12:25:32 select * from `wish` WHERE w_user=6
2017-09-28 12:25:51 select * from `wish` WHERE w_user=4
2017-09-28 12:25:53 select * from `wish` WHERE w_user=6
2017-09-28 12:25:55 select * from `wish` WHERE w_user=5
2017-09-28 12:25:56 select * from `wish` WHERE w_user=4
2017-09-28 12:28:28 select * from `present` WHERE p_giver=7
2017-09-28 12:28:28 select * from `user`
2017-09-28 12:28:30 select * from `wish` WHERE w_user=4
2017-09-28 12:29:33 select * from `user`
2017-09-28 12:29:33 select * from `present` WHERE p_giver=7
2017-09-28 12:30:40 select * from `present` WHERE p_giver=7
2017-09-28 12:30:40 select * from `user`
2017-09-28 12:36:59 select * from `present` WHERE p_giver=7
2017-09-28 12:36:59 select * from `user`
2017-09-28 12:37:02 select * from `wish` WHERE w_user=4
2017-09-28 12:39:53 select * from `user`
2017-09-28 12:39:53 select * from `present` WHERE p_giver=7
2017-09-28 12:44:26 select * from `present` WHERE p_giver=7
2017-09-28 12:44:26 select * from `user`
2017-09-28 12:45:06 select * from `user`
2017-09-28 12:45:06 select * from `present` WHERE p_giver=7
2017-09-28 12:45:57 select * from `present` WHERE p_giver=7
2017-09-28 12:45:57 select * from `user`
2017-09-28 12:49:14 select * from `present` WHERE p_giver=7
2017-09-28 12:49:14 select * from `user`
2017-09-28 12:49:15 select * from `wish` WHERE w_user=4
2017-09-28 12:49:18 insert into `present` set `p_giver`="7"
2017-09-28 12:49:42 select * from `wish` WHERE w_user=3
2017-09-28 12:49:43 select * from `wish` WHERE w_user=4
2017-09-28 12:51:37 select * from `present` WHERE p_giver=7
2017-09-28 12:51:37 select * from `user`
2017-09-28 12:51:51 select * from `present` WHERE p_giver=7
2017-09-28 12:51:51 select * from `user`
2017-09-28 12:51:53 select * from `wish` WHERE w_user=5
2017-09-28 12:51:55 select * from `wish` WHERE w_user=4
2017-09-28 12:51:57 insert into `present` set `p_giver`="7"
2017-09-28 12:52:01 select * from `wish` WHERE w_user=3
2017-09-28 12:52:02 select * from `wish` WHERE w_user=4
2017-09-28 12:53:21 select * from `user`
2017-09-28 12:53:21 select * from `present` WHERE p_giver=7
2017-09-28 12:53:23 select * from `wish` WHERE w_user=3
2017-09-28 12:53:25 select * from `wish` WHERE w_user=3
2017-09-28 12:53:27 select * from `wish` WHERE w_user=6
2017-09-28 12:53:29 select * from `wish` WHERE w_user=4
2017-09-28 12:56:43 select * from `user`
2017-09-28 12:56:43 select * from `present` WHERE p_giver=7
2017-09-28 12:56:47 select * from `wish` WHERE w_user=4
2017-09-28 12:56:51 insert into `present` set `p_giver`="7"
2017-09-28 12:58:12 select * from `present` WHERE p_giver=7
2017-09-28 12:58:12 select * from `user`
2017-09-28 12:58:15 select * from `wish` WHERE w_user=4
2017-09-28 12:58:23 insert into `present` set `p_giver`="7"
2017-09-28 13:00:18 select * from `user`
2017-09-28 13:00:18 select * from `present` WHERE p_giver=7
2017-09-28 13:01:06 select * from `wish` WHERE w_user=4
2017-09-28 13:10:18 select * from `user`
2017-09-28 13:10:18 select * from `present` WHERE p_giver=7
2017-09-28 13:10:45 select * from `wish` WHERE w_user=4
2017-09-28 13:10:49 select * from `wish` WHERE w_user=5
2017-09-28 13:10:56 select * from `wish` WHERE w_user=6
2017-09-28 13:11:01 select * from `wish` WHERE w_user=8
2017-09-28 13:11:04 select * from `wish` WHERE w_user=6
2017-09-28 13:11:05 select * from `wish` WHERE w_user=5
2017-09-28 13:11:06 select * from `wish` WHERE w_user=4
2017-09-28 13:11:08 select * from `wish` WHERE w_user=2
2017-09-28 13:12:06 select * from `user`
2017-09-28 13:12:06 select * from `present` WHERE p_giver=7
2017-09-28 13:12:10 select * from `wish` WHERE w_user=3
2017-09-28 13:12:12 select * from `wish` WHERE w_user=2
2017-09-28 13:12:14 select * from `wish` WHERE w_user=4
2017-09-28 13:12:17 select * from `wish` WHERE w_user=3
2017-09-28 13:15:48 select * from `user`
2017-09-28 13:15:48 select * from `present` WHERE p_giver=7
2017-09-28 13:15:50 select * from `wish` WHERE w_user=3
2017-09-28 13:15:56 select * from `wish` WHERE w_user=4
2017-09-28 13:16:00 select * from `wish` WHERE w_user=3
2017-09-28 13:16:07 select * from `wish` WHERE w_user=4
2017-09-28 13:16:11 select * from `wish` WHERE w_user=6
2017-09-28 13:17:42 select * from `wish` WHERE w_user=4
2017-09-28 13:17:56 select * from `wish` WHERE w_user=6
2017-09-28 13:18:36 select * from `present` WHERE p_giver=7
2017-09-28 13:18:36 select * from `user`
2017-09-28 13:19:36 select * from `present` WHERE p_giver=7
2017-09-28 13:19:36 select * from `user`
2017-09-28 13:20:13 select * from `present` WHERE p_giver=7
2017-09-28 13:20:13 select * from `user`
2017-09-28 13:20:25 select * from `wish` WHERE w_user=6
2017-09-28 13:21:41 select * from `wish` WHERE w_user=4
2017-09-28 13:22:42 select * from `present` WHERE p_giver=7
2017-09-28 13:22:42 select * from `user`
2017-09-28 13:22:44 select * from `wish` WHERE w_user=4
2017-09-28 13:24:26 select * from `wish` WHERE w_user=5
2017-09-28 13:24:35 select * from `present` WHERE p_giver=7
2017-09-28 13:24:35 select * from `user`
2017-09-28 13:24:37 select * from `wish` WHERE w_user=4
2017-09-28 13:25:28 select * from `present` WHERE p_giver=7
2017-09-28 13:25:28 select * from `user`
2017-09-28 13:25:32 select * from `present` WHERE p_giver=7
2017-09-28 13:25:32 select * from `user`
2017-09-28 13:25:36 select * from `wish` WHERE w_user=4
2017-09-28 13:26:45 select * from `present` WHERE p_giver=7
2017-09-28 13:26:45 select * from `user`
2017-09-28 13:27:21 select * from `user`
2017-09-28 13:27:21 select * from `present` WHERE p_giver=7
2017-09-28 13:27:24 select * from `wish` WHERE w_user=4
2017-09-28 13:27:41 select * from `wish` WHERE w_user=3
2017-09-28 13:27:43 select * from `wish` WHERE w_user=6
2017-09-28 13:28:32 select * from `present` WHERE p_giver=7
2017-09-28 13:28:32 select * from `user`
2017-09-28 13:28:34 select * from `wish` WHERE w_user=4
2017-09-28 13:28:43 select * from `wish` WHERE w_user=6
2017-09-28 13:28:55 select * from `wish` WHERE w_user=5
2017-09-28 13:28:59 select * from `wish` WHERE w_user=8
2017-09-28 13:29:03 select * from `wish` WHERE w_user=5
2017-09-28 13:29:05 select * from `wish` WHERE w_user=9
2017-09-28 13:29:07 select * from `wish` WHERE w_user=6
2017-09-28 13:29:10 select * from `wish` WHERE w_user=5
2017-09-28 13:29:14 select * from `wish` WHERE w_user=6
2017-09-28 13:29:17 select * from `wish` WHERE w_user=5
2017-09-28 13:29:24 select * from `wish` WHERE w_user=6
2017-09-28 13:30:32 select * from `user`
2017-09-28 13:30:32 select * from `present` WHERE p_giver=7
2017-09-28 13:30:35 select * from `wish` WHERE w_user=9
2017-09-28 13:30:37 select * from `wish` WHERE w_user=8
2017-09-28 13:30:38 select * from `wish` WHERE w_user=6
2017-09-28 13:30:44 select * from `wish` WHERE w_user=5
2017-09-28 13:31:06 select * from `wish` WHERE w_user=4
2017-09-28 13:31:10 insert into `present` set `p_giver`="7"
2017-09-28 13:31:14 select * from `wish` WHERE w_user=5
2017-09-28 13:31:15 select * from `wish` WHERE w_user=4
2017-09-28 13:31:41 select * from `present` WHERE p_giver=7
2017-09-28 13:31:41 select * from `user`
2017-09-28 13:31:43 select * from `wish` WHERE w_user=5
2017-09-28 13:31:44 select * from `wish` WHERE w_user=4
2017-09-28 13:31:48 insert into `present` set `p_giver`="7"
2017-09-28 13:34:21 select * from `wish` WHERE w_user=5
2017-09-28 13:34:25 select * from `wish` WHERE w_user=4
2017-09-28 13:34:47 insert into `present` set `p_giver`="7"
2017-09-28 13:34:53 insert into `present` set `p_giver`="7"
2017-09-28 13:34:58 insert into `present` set `p_giver`="7"
2017-09-28 13:36:49 select * from `present` WHERE p_giver=7
2017-09-28 13:36:49 select * from `user`
2017-09-28 13:36:52 select * from `wish` WHERE w_user=4
2017-09-28 13:36:54 insert into `present` set `p_giver`="7"
2017-09-28 13:37:39 select * from `present` WHERE p_giver=7
2017-09-28 13:37:39 select * from `user`
2017-09-28 13:37:49 select * from `wish` WHERE w_user=4
2017-09-28 13:38:16 select * from `wish` WHERE w_user=5
2017-09-28 13:38:18 select * from `wish` WHERE w_user=4
2017-09-28 13:38:22 insert into `present` set `p_wisher`="4",`p_giver`="7",`p_wish`="11",`p_descr`="Julia2",`p_link`=""
2017-09-28 13:38:55 insert into `present` set `p_wisher`="4",`p_giver`="7",`p_wish`="12",`p_descr`="Julia3",`p_link`="nix"
2017-09-28 13:39:37 select * from `user`
2017-09-28 13:39:37 select * from `present` WHERE p_giver=7
2017-09-28 13:39:41 select * from `wish` WHERE w_user=4
2017-09-28 13:39:43 insert into `present` set `p_wisher`="4",`p_giver`="7",`p_wish`="10",`p_pdescr`="Julia1",`p_plink`="bla"
2017-09-28 13:40:06 select * from `wish` WHERE w_user=5
2017-09-28 13:40:08 select * from `wish` WHERE w_user=4
2017-09-28 13:41:04 select * from `user`
2017-09-28 13:41:04 select * from `present` WHERE p_giver=7
2017-09-28 13:41:06 select * from `wish` WHERE w_user=4
2017-09-28 13:41:12 insert into `present` set `p_wisher`="4",`p_giver`="7",`p_wish`="12",`p_pdescr`="Julia3",`p_plink`="nix"
2017-09-28 13:41:19 select * from `wish` WHERE w_user=5
2017-09-28 13:41:20 select * from `wish` WHERE w_user=4
2017-09-28 13:41:26 select * from `wish` WHERE w_user=7
2017-09-28 13:41:27 select * from `user`
2017-09-28 13:41:27 select * from `present` WHERE p_giver=7
2017-09-28 13:41:28 select * from `wish` WHERE w_user=4
2017-09-28 13:43:21 select * from `user`
2017-09-28 13:43:21 select * from `present` WHERE p_giver=7
2017-09-28 13:43:28 select * from `wish` WHERE w_user=4
2017-09-28 13:43:32 select * from `wish` WHERE w_user=5
2017-09-28 13:43:33 select * from `wish` WHERE w_user=4
2017-09-28 13:43:45 delete from `present` where p_id=12
2017-09-28 14:02:44 select * from `present` WHERE p_giver=7
2017-09-28 14:02:44 select * from `user`
2017-09-28 14:02:46 select * from `wish` WHERE w_user=4
2017-09-28 14:06:20 select * from `user`
2017-09-28 14:06:20 select * from `present` WHERE p_giver=7
2017-09-28 14:06:27 select * from `wish` WHERE w_user=4
2017-09-28 14:06:35 insert into `present` set `p_wisher`="4",`p_giver`="7",`p_wish`="11",`p_pdescr`="Julia2",`p_plink`=""
2017-09-28 14:06:50 select * from `wish` WHERE w_user=5
2017-09-28 14:06:56 select * from `wish` WHERE w_user=6
2017-09-28 14:08:22 select * from `wish` WHERE w_user=4
2017-09-28 14:09:49 select * from `user`
2017-09-28 14:09:49 select * from `present` WHERE p_giver=7
2017-09-28 14:09:51 select * from `wish` WHERE w_user=4
2017-09-28 14:09:56 delete from `present` where p_id=13
2017-09-28 14:10:03 select * from `user`
2017-09-28 14:10:03 select * from `present` WHERE p_giver=7
2017-09-28 14:10:05 select * from `wish` WHERE w_user=4
2017-09-28 14:10:18 insert into `present` set `p_wisher`="4",`p_giver`="7",`p_wish`="11",`p_pdescr`="Julia2",`p_plink`=""
2017-09-28 14:10:30 select * from `wish` WHERE w_user=5
2017-09-28 14:10:33 select * from `wish` WHERE w_user=4
2017-09-28 14:11:13 select * from `user`
2017-09-28 14:11:13 select * from `present` WHERE p_giver=7
2017-09-28 14:13:39 select * from `wish` WHERE w_user=4
2017-09-28 14:14:29 select * from `user`
2017-09-28 14:14:29 select * from `present` WHERE p_giver=7
2017-09-28 14:14:31 select * from `wish` WHERE w_user=4
2017-09-28 14:15:31 select * from `user`
2017-09-28 14:15:31 select * from `present` WHERE p_giver=7
2017-09-28 14:33:06 select * from `user`
2017-09-28 14:33:06 select * from `present` WHERE p_giver=7
2017-09-28 14:33:12 select * from `wish` WHERE w_user=4
2017-09-28 14:33:32 select * from `user`
2017-09-28 14:33:33 select * from `present` WHERE p_giver=7
2017-09-28 14:33:40 select * from `wish` WHERE w_user=4
2017-09-28 14:34:22 select * from `user`
2017-09-28 14:34:22 select * from `present` WHERE p_giver=7
2017-09-28 14:34:24 select * from `wish` WHERE w_user=4
2017-09-28 14:34:29 insert into `present` set `p_wisher`="4",`p_giver`="7",`p_wish`="12",`p_pdescr`="Julia3",`p_plink`="nix"
2017-09-28 14:49:25 select * from `user`
2017-09-28 14:49:25 select * from `present` WHERE p_giver=7
2017-09-28 14:49:33 select * from `wish` WHERE w_user=4
2017-09-28 14:49:36 insert into `present` set `p_wisher`="4",`p_giver`="7",`p_wish`="11",`p_pdescr`="Julia2",`p_plink`=""
2017-09-28 14:49:40 delete from `present` where p_id='null'
2017-09-28 14:49:54 select * from `wish` WHERE w_user=5
2017-09-28 14:49:55 select * from `wish` WHERE w_user=7
2017-09-28 14:49:57 select * from `present` WHERE p_giver=7
2017-09-28 14:49:57 select * from `user`
2017-09-28 14:49:59 select * from `wish` WHERE w_user=4
2017-09-28 14:50:39 select * from `wish` WHERE w_user=7
2017-09-28 14:50:41 select * from `present` WHERE p_giver=7
2017-09-28 14:50:41 select * from `user`
2017-09-28 14:50:44 select * from `wish` WHERE w_user=4
2017-09-28 14:50:47 delete from `present` where p_id=16
2017-09-28 14:50:51 select * from `wish` WHERE w_user=3
2017-09-28 14:50:52 select * from `wish` WHERE w_user=4
2017-09-28 14:50:56 select * from `wish` WHERE w_user=7
2017-09-28 14:50:57 select * from `user`
2017-09-28 14:50:57 select * from `present` WHERE p_giver=7
2017-09-28 14:50:58 select * from `wish` WHERE w_user=4
2017-09-28 14:51:18 delete from `present` where p_id=15
2017-09-28 14:51:55 delete from `present` where p_id=15
2017-09-28 14:52:58 select * from `wish` WHERE w_user=3
2017-09-28 14:52:59 select * from `wish` WHERE w_user=4
2017-09-28 14:53:01 select * from `wish` WHERE w_user=7
2017-09-28 14:53:02 select * from `present` WHERE p_giver=7
2017-09-28 14:53:02 select * from `user`
2017-09-28 14:53:03 select * from `wish` WHERE w_user=4
2017-09-28 14:53:05 insert into `present` set `p_wisher`="4",`p_giver`="7",`p_wish`="11",`p_pdescr`="Julia2",`p_plink`=""
2017-09-28 14:53:10 delete from `present` where p_id='null'
2017-09-28 14:53:11 insert into `present` set `p_wisher`="4",`p_giver`="7",`p_wish`="11",`p_pdescr`="Julia2",`p_plink`=""
2017-09-28 14:53:12 delete from `present` where p_id='null'
2017-09-28 14:53:13 insert into `present` set `p_wisher`="4",`p_giver`="7",`p_wish`="12",`p_pdescr`="Julia3",`p_plink`="nix"
2017-09-28 14:53:14 delete from `present` where p_id='null'
2017-09-28 14:53:15 delete from `present` where p_id='null'
2017-09-28 14:53:23 insert into `present` set `p_wisher`="4",`p_giver`="7",`p_wish`="11",`p_pdescr`="Julia2",`p_plink`=""
2017-09-28 14:53:24 delete from `present` where p_id='null'
2017-09-28 14:53:28 select * from `wish` WHERE w_user=7
2017-09-28 14:53:29 select * from `user`
2017-09-28 14:53:29 select * from `present` WHERE p_giver=7
2017-09-28 14:53:30 select * from `wish` WHERE w_user=4
2017-09-28 14:53:32 delete from `present` where p_id=19
2017-09-28 14:53:33 delete from `present` where p_id=17
2017-09-28 14:53:33 delete from `present` where p_id=20
2017-09-28 14:53:36 select * from `wish` WHERE w_user=7
2017-09-28 14:53:37 select * from `user`
2017-09-28 14:53:37 select * from `present` WHERE p_giver=7
2017-09-28 14:53:38 select * from `wish` WHERE w_user=4
2017-09-28 16:15:59 select * from `present` WHERE p_giver=7
2017-09-28 16:15:59 select * from `user`
2017-09-28 16:16:01 select * from `wish` WHERE w_user=4
2017-09-28 16:16:04 delete from `present` where p_id=18
2017-09-28 16:16:20 insert into `present` set `p_wisher`="4",`p_giver`="7",`p_wish`="11",`p_pdescr`="Julia2",`p_plink`=""
2017-09-28 16:16:29 delete from `present` where p_id='null'
2017-09-28 16:22:59 select * from `user`
2017-09-28 16:22:59 select * from `present` WHERE p_giver=7
2017-09-28 16:23:15 select * from `user`
2017-09-28 16:23:15 select * from `present` WHERE p_giver=7
2017-09-28 16:24:22 select * from `user`
2017-09-28 16:24:22 select * from `present` WHERE p_giver=7
2017-09-28 16:24:25 select * from `wish` WHERE w_user=4
2017-09-28 16:24:28 delete from `present` where p_id=21
2017-09-28 16:24:30 insert into `present` set `p_wisher`="4",`p_giver`="7",`p_wish`="11",`p_pdescr`="Julia2",`p_plink`=""
2017-09-28 16:24:32 delete from `present` where p_id=22
2017-09-28 16:24:33 insert into `present` set `p_wisher`="4",`p_giver`="7",`p_wish`="11",`p_pdescr`="Julia2",`p_plink`=""
2017-09-28 16:24:34 delete from `present` where p_id=23
2017-09-28 16:24:36 insert into `present` set `p_wisher`="4",`p_giver`="7",`p_wish`="12",`p_pdescr`="Julia3",`p_plink`="nix"
2017-09-28 16:24:37 delete from `present` where p_id=24
2017-09-28 16:24:50 select * from `wish` WHERE w_user=3
2017-09-28 16:24:51 select * from `wish` WHERE w_user=4
2017-09-28 16:24:53 select * from `wish` WHERE w_user=7
2017-09-28 16:24:54 select * from `present` WHERE p_giver=7
2017-09-28 16:24:54 select * from `user`
2017-09-28 16:24:56 select * from `wish` WHERE w_user=4
2017-09-28 16:25:23 insert into `present` set `p_wisher`="4",`p_giver`="7",`p_wish`="12",`p_pdescr`="Julia3",`p_plink`="nix"
2017-09-28 16:25:25 delete from `present` where p_id=25
2017-09-28 16:25:58 delete from `present` where p_id=25
2017-09-28 16:27:54 select * from `user`
2017-09-28 16:27:54 select * from `present` WHERE p_giver=7
2017-09-28 16:28:18 select * from `user`
2017-09-28 16:28:18 select * from `present` WHERE p_giver=7
2017-09-28 16:28:22 select * from `wish` WHERE w_user=4
2017-09-28 16:28:25 insert into `present` set `p_wisher`="4",`p_giver`="7",`p_wish`="12",`p_pdescr`="Julia3",`p_plink`="nix"
2017-09-28 16:28:31 delete from `present` where p_id=26
2017-09-28 16:30:57 select * from `present` WHERE p_giver=7
2017-09-28 16:30:57 select * from `user`
2017-09-28 16:32:58 select * from `user`
2017-09-28 16:32:58 select * from `present` WHERE p_giver=7
2017-09-28 16:33:11 select * from `user`
2017-09-28 16:33:11 select * from `present` WHERE p_giver=7
2017-09-28 16:34:18 select * from `user`
2017-09-28 16:34:18 select * from `present` WHERE p_giver=7
2017-09-28 16:34:20 select * from `wish` WHERE w_user=4
2017-09-28 16:34:29 insert into `present` set `p_wisher`="4",`p_giver`="7",`p_wish`="12",`p_pdescr`="Julia3",`p_plink`="nix"
2017-09-28 16:34:39 delete from `present` where p_id=27
2017-09-28 16:37:13 select * from `present` WHERE p_giver=7
2017-09-28 16:37:13 select * from `user`
2017-09-28 16:38:57 select * from `user`
2017-09-28 16:38:57 select * from `present` WHERE p_giver=7
2017-09-28 16:38:59 select * from `wish` WHERE w_user=4
2017-09-28 16:39:04 insert into `present` set `p_wisher`="4",`p_giver`="7",`p_wish`="12",`p_pdescr`="Julia3",`p_plink`="nix"
2017-09-28 16:39:06 delete from `present` where p_id=28
2017-09-28 16:39:07 insert into `present` set `p_wisher`="4",`p_giver`="7",`p_wish`="12",`p_pdescr`="Julia3",`p_plink`="nix"
2017-09-28 16:39:38 select * from `user`
2017-09-28 16:39:38 select * from `present` WHERE p_giver=7
2017-09-28 16:40:14 select * from `present` WHERE p_giver=7
2017-09-28 16:40:14 select * from `user`
2017-09-28 16:40:16 select * from `wish` WHERE w_user=4
2017-09-28 16:40:19 select * from `wish` WHERE w_user=5
2017-09-28 16:40:20 select * from `wish` WHERE w_user=4
2017-09-28 16:40:26 delete from `present` where p_id=29
2017-09-28 16:40:46 delete from `present` where p_id=11
2017-09-28 16:40:47 insert into `present` set `p_wisher`="4",`p_giver`="7",`p_wish`="12",`p_pdescr`="Julia3",`p_plink`="nix"
2017-09-28 16:40:48 delete from `present` where p_id=30
2017-09-28 16:41:06 select * from `user`
2017-09-28 16:41:06 select * from `present` WHERE p_giver=7
2017-09-28 16:41:16 select * from `wish` WHERE w_user=4
2017-09-28 16:47:20 select * from `present` WHERE p_giver=7
2017-09-28 16:47:20 select * from `user`
2017-09-28 16:48:34 select * from `present` WHERE p_giver=7
2017-09-28 16:48:34 select * from `user`
2017-09-28 16:49:11 select * from `present` WHERE p_giver=7
2017-09-28 16:49:11 select * from `user`
2017-09-28 16:49:12 select * from `wish` WHERE w_user=4
2017-09-28 16:49:40 select * from `present` WHERE p_giver=7
2017-09-28 16:49:40 select * from `user`
2017-09-28 16:49:45 select * from `wish` WHERE w_user=4
2017-09-28 16:51:48 select * from `user`
2017-09-28 16:51:48 select * from `present` WHERE p_giver=7
2017-09-28 16:51:53 select * from `wish` WHERE w_user=4
2017-09-28 16:51:55 insert into `present` set `p_wisher`="4",`p_giver`="7",`p_wish`="10",`p_pdescr`="Julia1",`p_plink`="bla"
2017-09-28 16:51:57 insert into `present` set `p_wisher`="4",`p_giver`="7",`p_wish`="11",`p_pdescr`="Julia2",`p_plink`=""
2017-09-28 16:51:59 insert into `present` set `p_wisher`="4",`p_giver`="7",`p_wish`="12",`p_pdescr`="Julia3",`p_plink`="nix"
2017-09-28 16:52:05 delete from `present` where p_id=33
2017-09-28 16:52:07 delete from `present` where p_id=31
2017-09-28 16:52:36 select * from `user`
2017-09-28 16:52:36 select * from `present` WHERE p_giver=7
2017-09-28 16:54:29 select * from `wish` WHERE w_user=4
2017-09-28 16:54:33 select * from `wish` WHERE w_user=5
2017-09-28 16:54:34 select * from `wish` WHERE w_user=4
2017-09-28 16:56:28 select * from `present` WHERE p_giver=7
2017-09-28 16:56:29 select * from `user`
2017-09-28 16:56:30 select * from `wish` WHERE w_user=4
2017-09-28 16:56:36 insert into `present` set `p_wisher`="4",`p_giver`="7",`p_wish`="11",`p_pdescr`="Julia2",`p_plink`=""
2017-09-28 17:32:29 select * from `present` WHERE p_giver=7
2017-09-28 17:32:29 select * from `user`
2017-09-28 17:32:30 select * from `wish` WHERE w_user=4
2017-09-28 17:34:20 select * from `user`
2017-09-28 17:34:20 select * from `present` WHERE p_giver=7
2017-09-28 17:34:25 select * from `wish` WHERE w_user=4
2017-09-28 17:37:43 select * from `user`
2017-09-28 17:37:43 select * from `present` WHERE p_giver=7
2017-09-28 17:37:49 select * from `wish` WHERE w_user=4
2017-09-28 17:39:52 select * from `present` WHERE p_giver=7
2017-09-28 17:39:52 select * from `user`
2017-09-28 17:39:59 select * from `wish` WHERE w_user=4
2017-09-28 17:41:21 select * from `user`
2017-09-28 17:41:21 select * from `present` WHERE p_giver=7
2017-09-28 17:41:30 select * from `wish` WHERE w_user=4
2017-09-28 17:42:25 select * from `present` WHERE p_giver=7
2017-09-28 17:42:25 select * from `user`
2017-09-28 17:42:27 select * from `wish` WHERE w_user=4
2017-09-28 17:44:05 select * from `user`
2017-09-28 17:44:05 select * from `present` WHERE p_giver=7
2017-09-28 17:44:07 select * from `wish` WHERE w_user=4
2017-09-28 17:44:45 select * from `user`
2017-09-28 17:44:45 select * from `present` WHERE p_giver=7
2017-09-28 17:44:54 select * from `wish` WHERE w_user=4
2017-09-28 17:46:09 select * from `user`
2017-09-28 17:46:09 select * from `present` WHERE p_giver=7
2017-09-28 17:46:10 select * from `wish` WHERE w_user=4
2017-09-28 17:47:10 select * from `user`
2017-09-28 17:47:10 select * from `present` WHERE p_giver=7
2017-09-28 17:47:13 select * from `wish` WHERE w_user=4
2017-09-28 17:51:07 select * from `present` WHERE p_giver=7
2017-09-28 17:51:07 select * from `user`
2017-09-28 17:51:23 select * from `present` WHERE p_giver=7
2017-09-28 17:51:23 select * from `user`
2017-09-28 17:51:26 select * from `present` WHERE p_wisher=4
2017-09-28 17:51:26 select * from `wish` WHERE w_user=4
2017-09-28 17:51:49 select * from `present` WHERE p_giver=7
2017-09-28 17:51:49 select * from `user`
2017-09-28 17:52:04 select * from `present` WHERE p_giver=7
2017-09-28 17:52:04 select * from `user`
2017-09-28 17:52:08 select * from `present` WHERE p_wisher=4
2017-09-28 17:52:08 select * from `wish` WHERE w_user=4
2017-09-28 17:52:40 delete from `present` where p_id=34
2017-09-28 17:54:16 select * from `present` WHERE p_giver=7
2017-09-28 17:54:16 select * from `user`
2017-09-28 17:54:17 select * from `wish` WHERE w_user=4
2017-09-28 17:54:17 select * from `present` WHERE p_wisher=4
2017-09-28 17:56:21 select * from `present` WHERE p_giver=7
2017-09-28 17:56:21 select * from `user`
2017-09-28 17:56:23 select * from `present` WHERE p_wisher=4
2017-09-28 17:56:23 select * from `wish` WHERE w_user=4
2017-09-28 17:56:25 insert into `present` set `p_wisher`="4",`p_giver`="7",`p_wish`="11",`p_pdescr`="Julia2",`p_plink`=""
2017-09-28 17:56:26 delete from `present` where p_id=35
2017-09-28 17:57:27 select * from `wish` WHERE w_user=7
2017-09-28 17:57:28 select * from `user`
2017-09-28 17:57:28 select * from `present` WHERE p_giver=7
2017-09-28 17:57:29 select * from `present` WHERE p_wisher=4
2017-09-28 17:57:29 select * from `wish` WHERE w_user=4
2017-09-28 17:57:31 insert into `present` set `p_wisher`="4",`p_giver`="7",`p_wish`="11",`p_pdescr`="Julia2",`p_plink`=""
2017-09-28 17:57:32 select * from `present` WHERE p_wisher=3
2017-09-28 17:57:32 select * from `wish` WHERE w_user=3
2017-09-28 17:57:33 select * from `present` WHERE p_wisher=4
2017-09-28 17:57:33 select * from `wish` WHERE w_user=4
2017-09-28 17:57:38 delete from `present` where p_id=36
2017-09-28 17:58:21 select * from `user`
2017-09-28 17:58:21 select * from `present` WHERE p_giver=7
2017-09-28 17:58:23 select * from `present` WHERE p_wisher=2
2017-09-28 17:58:23 select * from `wish` WHERE w_user=2
2017-09-28 17:58:25 select * from `present` WHERE p_wisher=4
2017-09-28 17:58:25 select * from `wish` WHERE w_user=4
2017-09-28 17:58:26 insert into `present` set `p_wisher`="4",`p_giver`="7",`p_wish`="11",`p_pdescr`="Julia2",`p_plink`=""
2017-09-28 17:58:28 delete from `present` where p_id=37
2017-09-28 17:58:29 insert into `present` set `p_wisher`="4",`p_giver`="7",`p_wish`="11",`p_pdescr`="Julia2",`p_plink`=""
2017-09-28 17:58:30 delete from `present` where p_id=38
2017-09-28 17:58:33 insert into `present` set `p_wisher`="4",`p_giver`="7",`p_wish`="11",`p_pdescr`="Julia2",`p_plink`=""
2017-09-28 17:58:34 delete from `present` where p_id=39
2017-09-28 17:58:39 insert into `present` set `p_wisher`="4",`p_giver`="7",`p_wish`="10",`p_pdescr`="Julia1",`p_plink`="bla"
2017-09-28 17:58:40 delete from `present` where p_id=40